FILE_TYPE=LIBRARY_PARTS;
PRIMITIVE 'SC32S_12.5PF20PPM','SC32S_12.5PF20PPM_Other';
  PIN
    '1':
      PIN_NUMBER='(1)';
      NO_LOAD_CHECK=BOTH;
      NO_IO_CHECK=BOTH;
      ALLOW_CONNECT=TRUE;
      PINUSE='UNSPEC';
    '2':
      PIN_NUMBER='(2)';
      NO_LOAD_CHECK=BOTH;
      NO_IO_CHECK=BOTH;
      ALLOW_CONNECT=TRUE;
      PINUSE='UNSPEC';
  END_PIN;
  BODY
    PART_NAME='SC32S_12.5PF20PPM';
    PHYS_DES_PREFIX='Y';
    NO_LOAD_CHECK='TRUE';
    PIN_COUNT='2';
    BODY_NAME='SC32S_12.5PF20PPM';
    JEDEC_TYPE='SC32S125PF20PPM';
  END_BODY;
END_PRIMITIVE;
END.
